Сборка начата 02.02.2022 14:04:28.
Уровень детализации журнала: Normal.     1>Проект "C:\Users\ivanov local\Desktop\CFD\AliceFlow_v0_63\AliceFlow_v0_63\AliceFlow_v0_63.vcxproj" в узле 2 (целевые объекты Build).
     1>InitializeBuildStatus:
         Обращение к "x64\Debug\AliceFlow_v0_63.tlog\unsuccessfulbuild".
       AddCudaCompileDeps:
       Целевой объект "AddCudaCompileDeps" пропускается, так как все выходные файлы актуальны по отношению к входным.
       AddCudaCompilePropsDeps:
       Целевой объект "AddCudaCompilePropsDeps" пропускается, так как все выходные файлы актуальны по отношению к входным.
       WriteCudaCompileTlogs:
       Целевой объект "WriteCudaCompileTlogs" пропускается, так как все выходные файлы актуальны по отношению к входным.
     1>Проект "C:\Users\ivanov local\Desktop\CFD\AliceFlow_v0_63\AliceFlow_v0_63\AliceFlow_v0_63.vcxproj" (1) выполняет сборку "C:\Users\ivanov local\Desktop\CFD\AliceFlow_v0_63\AliceFlow_v0_63\AliceFlow_v0_63.vcxproj" (1:2) в узле 2 (целевые объекты CudaBuildCore).
     1>CudaBuildCore:
       Целевой объект "CudaBuildCore" пропускается, так как все выходные файлы актуальны по отношению к входным.
     1>Сборка проекта "C:\Users\ivanov local\Desktop\CFD\AliceFlow_v0_63\AliceFlow_v0_63\AliceFlow_v0_63.vcxproj" завершена (целевые объекты CudaBuildCore).
     1>Link:
         Для всех выходных данных обновления не требуется.
         AliceFlow_v0_63.vcxproj -> C:\Users\ivanov local\Desktop\CFD\AliceFlow_v0_63\x64\Debug\AliceFlow_v0_63.exe
       FinalizeBuildStatus:
         Файл "x64\Debug\AliceFlow_v0_63.tlog\unsuccessfulbuild" удаляется.
         Обращение к "x64\Debug\AliceFlow_v0_63.tlog\AliceFlow_v0_63.lastbuildstate".
     1>Сборка проекта "C:\Users\ivanov local\Desktop\CFD\AliceFlow_v0_63\AliceFlow_v0_63\AliceFlow_v0_63.vcxproj" завершена (целевые объекты Build).

Сборка успешно завершена.
    Предупреждений: 0
    Ошибок: 0

Прошло времени 00:00:00.19
