Tecplot 2017.2.0.79771 Batch Log
ACTION: PAGECONTROL: CREATE
ACTION: LOADADDON
ACTION: LOADADDON
ACTION: LOADADDON
ACTION: LOADADDON
ACTION: LOADADDON
ACTION: LOADADDON
ACTION: LOADADDON
ACTION: LOADADDON
ACTION: LOADADDON
ACTION: LOADADDON
ACTION: LOADADDON
ACTION: LOADADDON
ACTION: LOADADDON
ACTION: LOADADDON
ACTION: LOADADDON
ACTION: LOADADDON
ACTION: LOADADDON
ACTION: LOADADDON
ACTION: LOADADDON
ACTION: LOADADDON
ACTION: LOADADDON
ACTION: LOADADDON
ACTION: LOADADDON
ACTION: LOADADDON
ACTION: LOADADDON
ACTION: LOADADDON
ACTION: LOADADDON
ACTION: LOADADDON
ACTION: LOADADDON
ACTION: LOADADDON
ACTION: LOADADDON
ACTION: LOADADDON
ACTION: LOADADDON
ACTION: LOADADDON
ACTION: LOADADDON
ACTION: LOADADDON
ACTION: LOADADDON
ACTION: READDATASET: "C:\Users\ivanov local\Desktop\CFD\AliceMeshv0_45\ALICEFlow0_07_Visualisation_Magement.dat"
EXTENDEDCOMMAND: COMMANDPROCESSORID=Tecplot Subzone Data Tools COMMAND=WRITEDATASET FILENAME="ALICEFLOW0_66_management_temp.szplt"
